<?xml version="1.0" encoding="UTF-8"?>
<!-- Generated by org.testng.reporters.JUnitReportReporter -->
<testsuite hostname="sadamchyk-goobuntu.mtv.corp.google.com" name="com.gmail.tests.LogingPageTest" tests="4" failures="0" timestamp="16 Apr 2015 22:26:45 GMT" time="10.634" errors="0">
  <testcase name="testNotSuccessLogin" time="2.869" classname="com.gmail.tests.LogingPageTest"/>
  <testcase name="testLogout" time="1.499" classname="com.gmail.tests.LogingPageTest"/>
  <testcase name="testSuccessLogin" time="3.734" classname="com.gmail.tests.LogingPageTest"/>
  <testcase name="testUserProfile" time="2.532" classname="com.gmail.tests.LogingPageTest"/>
</testsuite> <!-- com.gmail.tests.LogingPageTest -->
