<?xml version="1.0" encoding="UTF-8" ?>
<testsuite failures="0" time="15.192" errors="0" skipped="0" tests="4" name="TestSuite">
  <properties>
[...]
</properties>
  <testcase time="2.868" classname="com.gmail.tests.LogingPageTest" name="testNotSuccessLogin"/>
  <testcase time="3.732" classname="com.gmail.tests.LogingPageTest" name="testSuccessLogin"/>
  <testcase time="2.532" classname="com.gmail.tests.LogingPageTest" name="testUserProfile"/>
  <testcase time="1.499" classname="com.gmail.tests.LogingPageTest" name="testLogout"/>
</testsuite>