<?xml version="1.0" encoding="UTF-8" ?>
<testsuite tests="1" failures="1" name="TestSuite" time="3.097" errors="0" skipped="0">
  <properties>
[...]
</properties>
  <testcase classname="com.gmail.tests.LogingPageTest" name="testLogin" time="3.097">
    <failure message="expected [true] but found [false]" type="java.lang.AssertionError">java.lang.AssertionError: expected [true] but found [false]
	at org.testng.Assert.fail(Assert.java:94)
	at org.testng.Assert.failNotEquals(Assert.java:494)
	at org.testng.Assert.assertTrue(Assert.java:42)
	at org.testng.Assert.assertTrue(Assert.java:52)
	at com.gmail.tests.LogingPageTest.testLogin(LogingPageTest.java:19)
</failure>
  </testcase>
</testsuite>