<?xml version="1.0" encoding="UTF-8"?>
<!-- Generated by org.testng.reporters.JUnitXMLReporter -->
<testsuite hostname="StanPC" name="exampletest2" tests="1" failures="1" timestamp="26 Mar 2015 06:20:29 GMT" time="3.264" errors="0">
  <testcase name="testLogin" time="3.095" classname="com.gmail.tests.LogingPageTest">
    <failure type="java.lang.AssertionError" message="expected [true] but found [false]">
      <![CDATA[java.lang.AssertionError: expected [true] but found [false]
	at com.gmail.tests.LogingPageTest.testLogin(LogingPageTest.java:19)
... Removed 37 stack frames]]>
    </failure>
  </testcase> <!-- testLogin -->
</testsuite> <!-- exampletest2 -->
